app/build/intermediates/manifest_merge_blame_file/debug/manifest-merger-blame-debug-report.txt
1<?xml version="1.0" encoding="utf-8"?>
2<manifest xmlns:android="http://schemas.android.com/apk/res/android"
3    package="com.example.semesterproject"
4    android:versionCode="1"
5    android:versionName="1.0" >
6
7    <uses-sdk
8        android:minSdkVersion="21"
8-->src\main\AndroidManifest.xml
9        android:targetSdkVersion="32" />
9-->src\main\AndroidManifest.xml
10
11    <application
11-->src\main\AndroidManifest.xml:5:5-70:19
12        android:allowBackup="true"
12-->src\main\AndroidManifest.xml:6:9-35
13        android:appComponentFactory="androidx.core.app.CoreComponentFactory"
13-->[androidx.core:core:1.8.0] AndroidManifest.xml:24:18-86
14        android:dataExtractionRules="@xml/data_extraction_rules"
14-->src\main\AndroidManifest.xml:7:9-65
15        android:debuggable="true"
16        android:fullBackupContent="@xml/backup_rules"
16-->src\main\AndroidManifest.xml:8:9-54
17        android:icon="@mipmap/ic_launcher"
17-->src\main\AndroidManifest.xml:9:9-43
18        android:label="@string/app_name"
18-->src\main\AndroidManifest.xml:10:9-41
19        android:roundIcon="@mipmap/ic_launcher_round"
19-->src\main\AndroidManifest.xml:11:9-54
20        android:supportsRtl="true"
20-->src\main\AndroidManifest.xml:12:9-35
21        android:testOnly="true"
22        android:theme="@style/Theme.SemesterProject" >
22-->src\main\AndroidManifest.xml:13:9-53
23        <activity
23-->src\main\AndroidManifest.xml:15:9-21:20
24            android:name="com.example.semesterproject.AdapterActivity"
24-->src\main\AndroidManifest.xml:16:13-44
25            android:exported="false" >
25-->src\main\AndroidManifest.xml:17:13-37
26            <meta-data
26-->src\main\AndroidManifest.xml:18:13-20:36
27                android:name="android.app.lib_name"
27-->src\main\AndroidManifest.xml:19:17-52
28                android:value="" />
28-->src\main\AndroidManifest.xml:20:17-33
29        </activity>
30        <activity
30-->src\main\AndroidManifest.xml:22:9-28:20
31            android:name="com.example.semesterproject.ResetPasswordActivity"
31-->src\main\AndroidManifest.xml:23:13-50
32            android:exported="false" >
32-->src\main\AndroidManifest.xml:24:13-37
33            <meta-data
33-->src\main\AndroidManifest.xml:18:13-20:36
34                android:name="android.app.lib_name"
34-->src\main\AndroidManifest.xml:19:17-52
35                android:value="" />
35-->src\main\AndroidManifest.xml:20:17-33
36        </activity>
37        <activity
37-->src\main\AndroidManifest.xml:29:9-35:20
38            android:name="com.example.semesterproject.ForgotPasswordActivity"
38-->src\main\AndroidManifest.xml:30:13-51
39            android:exported="false" >
39-->src\main\AndroidManifest.xml:31:13-37
40            <meta-data
40-->src\main\AndroidManifest.xml:18:13-20:36
41                android:name="android.app.lib_name"
41-->src\main\AndroidManifest.xml:19:17-52
42                android:value="" />
42-->src\main\AndroidManifest.xml:20:17-33
43        </activity>
44        <activity
44-->src\main\AndroidManifest.xml:36:9-42:20
45            android:name="com.example.semesterproject.RegisterActivity"
45-->src\main\AndroidManifest.xml:37:13-45
46            android:exported="false" >
46-->src\main\AndroidManifest.xml:38:13-37
47            <meta-data
47-->src\main\AndroidManifest.xml:18:13-20:36
48                android:name="android.app.lib_name"
48-->src\main\AndroidManifest.xml:19:17-52
49                android:value="" />
49-->src\main\AndroidManifest.xml:20:17-33
50        </activity>
51        <activity
51-->src\main\AndroidManifest.xml:43:9-49:20
52            android:name="com.example.semesterproject.LoginActivity"
52-->src\main\AndroidManifest.xml:44:13-42
53            android:exported="false" >
53-->src\main\AndroidManifest.xml:45:13-37
54            <meta-data
54-->src\main\AndroidManifest.xml:18:13-20:36
55                android:name="android.app.lib_name"
55-->src\main\AndroidManifest.xml:19:17-52
56                android:value="" />
56-->src\main\AndroidManifest.xml:20:17-33
57        </activity>
58        <activity
58-->src\main\AndroidManifest.xml:50:9-62:20
59            android:name="com.example.semesterproject.SplashActivity"
59-->src\main\AndroidManifest.xml:51:13-43
60            android:exported="true" >
60-->src\main\AndroidManifest.xml:52:13-36
61            <intent-filter>
61-->src\main\AndroidManifest.xml:53:13-57:29
62                <action android:name="android.intent.action.MAIN" />
62-->src\main\AndroidManifest.xml:54:17-69
62-->src\main\AndroidManifest.xml:54:25-66
63
64                <category android:name="android.intent.category.LAUNCHER" />
64-->src\main\AndroidManifest.xml:56:17-77
64-->src\main\AndroidManifest.xml:56:27-74
65            </intent-filter>
66
67            <meta-data
67-->src\main\AndroidManifest.xml:18:13-20:36
68                android:name="android.app.lib_name"
68-->src\main\AndroidManifest.xml:19:17-52
69                android:value="" />
69-->src\main\AndroidManifest.xml:20:17-33
70        </activity>
71        <activity
71-->src\main\AndroidManifest.xml:63:9-69:20
72            android:name="com.example.semesterproject.MainActivity"
72-->src\main\AndroidManifest.xml:64:13-41
73            android:exported="true" >
73-->src\main\AndroidManifest.xml:65:13-36
74            <meta-data
74-->src\main\AndroidManifest.xml:18:13-20:36
75                android:name="android.app.lib_name"
75-->src\main\AndroidManifest.xml:19:17-52
76                android:value="" />
76-->src\main\AndroidManifest.xml:20:17-33
77        </activity>
78
79        <provider
79-->[androidx.emoji2:emoji2:1.2.0] AndroidManifest.xml:24:9-32:20
80            android:name="androidx.startup.InitializationProvider"
80-->[androidx.emoji2:emoji2:1.2.0] AndroidManifest.xml:25:13-67
81            android:authorities="com.example.semesterproject.androidx-startup"
81-->[androidx.emoji2:emoji2:1.2.0] AndroidManifest.xml:26:13-68
82            android:exported="false" >
82-->[androidx.emoji2:emoji2:1.2.0] AndroidManifest.xml:27:13-37
83            <meta-data
83-->[androidx.emoji2:emoji2:1.2.0] AndroidManifest.xml:29:13-31:52
84                android:name="androidx.emoji2.text.EmojiCompatInitializer"
84-->[androidx.emoji2:emoji2:1.2.0] AndroidManifest.xml:30:17-75
85                android:value="androidx.startup" />
85-->[androidx.emoji2:emoji2:1.2.0] AndroidManifest.xml:31:17-49
86            <meta-data
86-->[androidx.lifecycle:lifecycle-process:2.4.1] AndroidManifest.xml:31:13-33:52
87                android:name="androidx.lifecycle.ProcessLifecycleInitializer"
87-->[androidx.lifecycle:lifecycle-process:2.4.1] AndroidManifest.xml:32:17-78
88                android:value="androidx.startup" />
88-->[androidx.lifecycle:lifecycle-process:2.4.1] AndroidManifest.xml:33:17-49
89        </provider>
90    </application>
91
92</manifest>